# JRE version: Java(TM) SE Runtime Environment (21.0.9+7) (build 21.0.9+7-LTS-338)
# Java VM: Java HotSpot(TM) 64-Bit Server VM (21.0.9+7-LTS-338, mixed mode, sharing, tiered, compressed oops, compressed class ptrs, g1 gc, windows-amd64)
GC Precious Log:
 CardTable entry size: 512
 Card Set container configuration: InlinePtr #cards 5 size 8 Array Of Cards #cards 12 size 40 Howl #buckets 4 coarsen threshold 1843 Howl Bitmap #cards 512 size 80 coarsen threshold 460 Card regions per heap region 1 cards per card region 2048
 CPUs: 16 total, 16 available
 Memory: 7885M
 Large Page Support: Disabled
 NUMA Support: Disabled
 Compressed Oops: Enabled (32-bit)
 Heap Region Size: 1M
 Heap Min Capacity: 8M
 Heap Initial Capacity: 124M
 Heap Max Capacity: 1972M
 Pre-touch: Disabled
 Parallel Workers: 13
 Concurrent Workers: 3
 Concurrent Refinement Workers: 13
 Periodic GC: Disabled
Heap:
 garbage-first heap   total 96256K, used 50317K [0x0000000084c00000, 0x0000000100000000)
  region size 1024K, 1 young (1024K), 1 survivors (1024K)
 Metaspace       used 40232K, committed 41536K, reserved 1114112K
  class space    used 4499K, committed 4928K, reserved 1048576K
GC Heap History (20 events):
Event: 44.890 GC heap after
{Heap after GC invocations=12 (full 0):
 garbage-first heap   total 76800K, used 43871K [0x0000000084c00000, 0x0000000100000000)
  region size 1024K, 2 young (2048K), 2 survivors (2048K)
 Metaspace       used 37871K, committed 38336K, reserved 1114112K
  class space    used 4259K, committed 4480K, reserved 1048576K
}
Event: 47.840 GC heap before
{Heap before GC invocations=12 (full 0):
 garbage-first heap   total 76800K, used 65375K [0x0000000084c00000, 0x0000000100000000)
  region size 1024K, 23 young (23552K), 2 survivors (2048K)
 Metaspace       used 38182K, committed 38720K, reserved 1114112K
  class space    used 4291K, committed 4544K, reserved 1048576K
}
Event: 47.851 GC heap after
{Heap after GC invocations=13 (full 0):
 garbage-first heap   total 76800K, used 44543K [0x0000000084c00000, 0x0000000100000000)
  region size 1024K, 3 young (3072K), 3 survivors (3072K)
 Metaspace       used 38182K, committed 38720K, reserved 1114112K
  class space    used 4291K, committed 4544K, reserved 1048576K
}
Event: 52.314 GC heap before
{Heap before GC invocations=14 (full 0):
 garbage-first heap   total 76800K, used 63999K [0x0000000084c00000, 0x0000000100000000)
  region size 1024K, 25 young (25600K), 3 survivors (3072K)
 Metaspace       used 38419K, committed 38912K, reserved 1114112K
  class space    used 4291K, committed 4544K, reserved 1048576K
}
Event: 52.328 GC heap after
{Heap after GC invocations=15 (full 0):
 garbage-first heap   total 76800K, used 41796K [0x0000000084c00000, 0x0000000100000000)
  region size 1024K, 2 young (2048K), 2 survivors (2048K)
 Metaspace       used 38419K, committed 38912K, reserved 1114112K
  class space    used 4291K, committed 4544K, reserved 1048576K
}
Event: 65.452 GC heap before
{Heap before GC invocations=15 (full 0):
 garbage-first heap   total 76800K, used 71492K [0x0000000084c00000, 0x0000000100000000)
  region size 1024K, 28 young (28672K), 2 survivors (2048K)
 Metaspace       used 40372K, committed 40960K, reserved 1114112K
  class space    used 4524K, committed 4800K, reserved 1048576K
}
Event: 65.519 GC heap after
{Heap after GC invocations=16 (full 0):
 garbage-first heap   total 78848K, used 48301K [0x0000000084c00000, 0x0000000100000000)
  region size 1024K, 4 young (4096K), 4 survivors (4096K)
 Metaspace       used 40372K, committed 40960K, reserved 1114112K
  class space    used 4524K, committed 4800K, reserved 1048576K
}
Event: 67.101 GC heap before
{Heap before GC invocations=16 (full 0):
 garbage-first heap   total 78848K, used 67757K [0x0000000084c00000, 0x0000000100000000)
  region size 1024K, 24 young (24576K), 4 survivors (4096K)
 Metaspace       used 40423K, committed 40960K, reserved 1114112K
  class space    used 4525K, committed 4800K, reserved 1048576K
}
Event: 67.131 GC heap after
{Heap after GC invocations=17 (full 0):
 garbage-first heap   total 80896K, used 56320K [0x0000000084c00000, 0x0000000100000000)
  region size 1024K, 3 young (3072K), 3 survivors (3072K)
 Metaspace       used 40423K, committed 40960K, reserved 1114112K
  class space    used 4525K, committed 4800K, reserved 1048576K
}
Event: 68.592 GC heap before
{Heap before GC invocations=18 (full 0):
 garbage-first heap   total 96256K, used 70656K [0x0000000084c00000, 0x0000000100000000)
  region size 1024K, 17 young (17408K), 3 survivors (3072K)
 Metaspace       used 40655K, committed 41216K, reserved 1114112K
  class space    used 4544K, committed 4800K, reserved 1048576K
}
Event: 68.602 GC heap after
{Heap after GC invocations=19 (full 0):
 garbage-first heap   total 96256K, used 60416K [0x0000000084c00000, 0x0000000100000000)
  region size 1024K, 3 young (3072K), 3 survivors (3072K)
 Metaspace       used 40655K, committed 41216K, reserved 1114112K
  class space    used 4544K, committed 4800K, reserved 1048576K
}
Event: 70.136 GC heap before
{Heap before GC invocations=19 (full 0):
 garbage-first heap   total 96256K, used 79872K [0x0000000084c00000, 0x0000000100000000)
  region size 1024K, 23 young (23552K), 3 survivors (3072K)
 Metaspace       used 41568K, committed 42176K, reserved 1114112K
  class space    used 4658K, committed 4928K, reserved 1048576K
}
Event: 70.144 GC heap after
{Heap after GC invocations=20 (full 0):
 garbage-first heap   total 96256K, used 55818K [0x0000000084c00000, 0x0000000100000000)
  region size 1024K, 1 young (1024K), 1 survivors (1024K)
 Metaspace       used 41568K, committed 42176K, reserved 1114112K
  class space    used 4658K, committed 4928K, reserved 1048576K
}
Event: 143.111 GC heap before
{Heap before GC invocations=20 (full 0):
 garbage-first heap   total 96256K, used 80394K [0x0000000084c00000, 0x0000000100000000)
  region size 1024K, 25 young (25600K), 1 survivors (1024K)
 Metaspace       used 41882K, committed 42496K, reserved 1114112K
  class space    used 4690K, committed 4992K, reserved 1048576K
}
Event: 144.198 GC heap after
{Heap after GC invocations=21 (full 0):
 garbage-first heap   total 96256K, used 56667K [0x0000000084c00000, 0x0000000100000000)
  region size 1024K, 2 young (2048K), 2 survivors (2048K)
 Metaspace       used 41882K, committed 42496K, reserved 1114112K
  class space    used 4690K, committed 4992K, reserved 1048576K
}
Event: 152.730 GC heap before
{Heap before GC invocations=22 (full 0):
 garbage-first heap   total 96256K, used 56667K [0x0000000084c00000, 0x0000000100000000)
  region size 1024K, 4 young (4096K), 2 survivors (2048K)
 Metaspace       used 40171K, committed 41536K, reserved 1114112K
  class space    used 4491K, committed 4928K, reserved 1048576K
}
Event: 152.804 GC heap after
{Heap after GC invocations=23 (full 0):
 garbage-first heap   total 96256K, used 54646K [0x0000000084c00000, 0x0000000100000000)
  region size 1024K, 1 young (1024K), 1 survivors (1024K)
 Metaspace       used 40171K, committed 41536K, reserved 1114112K
  class space    used 4491K, committed 4928K, reserved 1048576K
}
Event: 153.652 GC heap before
{Heap before GC invocations=23 (full 0):
 garbage-first heap   total 96256K, used 56694K [0x0000000084c00000, 0x0000000100000000)
  region size 1024K, 4 young (4096K), 1 survivors (1024K)
 Metaspace       used 40174K, committed 41536K, reserved 1114112K
  class space    used 4491K, committed 4928K, reserved 1048576K
}
Event: 153.662 GC heap after
{Heap after GC invocations=24 (full 0):
 garbage-first heap   total 96256K, used 52315K [0x0000000084c00000, 0x0000000100000000)
  region size 1024K, 1 young (1024K), 1 survivors (1024K)
 Metaspace       used 40174K, committed 41536K, reserved 1114112K
  class space    used 4491K, committed 4928K, reserved 1048576K
}
Event: 153.855 GC heap before
{Heap before GC invocations=24 (full 0):
 garbage-first heap   total 96256K, used 54363K [0x0000000084c00000, 0x0000000100000000)
  region size 1024K, 4 young (4096K), 1 survivors (1024K)
 Metaspace       used 40232K, committed 41536K, reserved 1114112K
  class space    used 4499K, committed 4928K, reserved 1048576K
}

