# JRE version: Java(TM) SE Runtime Environment (21.0.9+7) (build 21.0.9+7-LTS-338)
# Java VM: Java HotSpot(TM) 64-Bit Server VM (21.0.9+7-LTS-338, mixed mode, emulated-client, sharing, tiered, compressed oops, compressed class ptrs, g1 gc, windows-amd64)
GC Precious Log:
 CardTable entry size: 512
 Card Set container configuration: InlinePtr #cards 5 size 8 Array Of Cards #cards 12 size 40 Howl #buckets 4 coarsen threshold 1843 Howl Bitmap #cards 512 size 80 coarsen threshold 460 Card regions per heap region 1 cards per card region 2048
 CPUs: 16 total, 16 available
 Memory: 7885M
 Large Page Support: Disabled
 NUMA Support: Disabled
 Compressed Oops: Enabled (32-bit)
 Heap Region Size: 1M
 Heap Min Capacity: 8M
 Heap Initial Capacity: 124M
 Heap Max Capacity: 1972M
 Pre-touch: Disabled
 Parallel Workers: 13
 Concurrent Workers: 3
 Concurrent Refinement Workers: 13
 Periodic GC: Disabled
Heap:
 garbage-first heap   total 53248K, used 22105K [0x0000000084c00000, 0x0000000100000000)
  region size 1024K, 2 young (2048K), 2 survivors (2048K)
 Metaspace       used 39774K, committed 40448K, reserved 1114112K
  class space    used 5565K, committed 5888K, reserved 1048576K
GC Heap History (19 events):
Event: 0.390 GC heap before
{Heap before GC invocations=0 (full 0):
 garbage-first heap   total 126976K, used 23552K [0x0000000084c00000, 0x0000000100000000)
  region size 1024K, 23 young (23552K), 0 survivors (0K)
 Metaspace       used 5443K, committed 5696K, reserved 1114112K
  class space    used 700K, committed 832K, reserved 1048576K
}
Event: 0.394 GC heap after
{Heap after GC invocations=1 (full 0):
 garbage-first heap   total 126976K, used 5223K [0x0000000084c00000, 0x0000000100000000)
  region size 1024K, 3 young (3072K), 3 survivors (3072K)
 Metaspace       used 5443K, committed 5696K, reserved 1114112K
  class space    used 700K, committed 832K, reserved 1048576K
}
Event: 0.672 GC heap before
{Heap before GC invocations=1 (full 0):
 garbage-first heap   total 126976K, used 35943K [0x0000000084c00000, 0x0000000100000000)
  region size 1024K, 34 young (34816K), 3 survivors (3072K)
 Metaspace       used 11655K, committed 11904K, reserved 1114112K
  class space    used 1695K, committed 1792K, reserved 1048576K
}
Event: 0.676 GC heap after
{Heap after GC invocations=2 (full 0):
 garbage-first heap   total 126976K, used 7525K [0x0000000084c00000, 0x0000000100000000)
  region size 1024K, 3 young (3072K), 3 survivors (3072K)
 Metaspace       used 11655K, committed 11904K, reserved 1114112K
  class space    used 1695K, committed 1792K, reserved 1048576K
}
Event: 0.746 GC heap before
{Heap before GC invocations=2 (full 0):
 garbage-first heap   total 126976K, used 19813K [0x0000000084c00000, 0x0000000100000000)
  region size 1024K, 16 young (16384K), 3 survivors (3072K)
 Metaspace       used 14482K, committed 14784K, reserved 1114112K
  class space    used 1997K, committed 2112K, reserved 1048576K
}
Event: 0.748 GC heap after
{Heap after GC invocations=3 (full 0):
 garbage-first heap   total 126976K, used 8396K [0x0000000084c00000, 0x0000000100000000)
  region size 1024K, 4 young (4096K), 4 survivors (4096K)
 Metaspace       used 14482K, committed 14784K, reserved 1114112K
  class space    used 1997K, committed 2112K, reserved 1048576K
}
Event: 0.946 GC heap before
{Heap before GC invocations=4 (full 0):
 garbage-first heap   total 40960K, used 38092K [0x0000000084c00000, 0x0000000100000000)
  region size 1024K, 34 young (34816K), 4 survivors (4096K)
 Metaspace       used 19155K, committed 19520K, reserved 1114112K
  class space    used 2614K, committed 2816K, reserved 1048576K
}
Event: 0.950 GC heap after
{Heap after GC invocations=5 (full 0):
 garbage-first heap   total 48128K, used 11975K [0x0000000084c00000, 0x0000000100000000)
  region size 1024K, 7 young (7168K), 7 survivors (7168K)
 Metaspace       used 19155K, committed 19520K, reserved 1114112K
  class space    used 2614K, committed 2816K, reserved 1048576K
}
Event: 1.123 GC heap before
{Heap before GC invocations=5 (full 0):
 garbage-first heap   total 48128K, used 33479K [0x0000000084c00000, 0x0000000100000000)
  region size 1024K, 28 young (28672K), 7 survivors (7168K)
 Metaspace       used 20725K, committed 21056K, reserved 1114112K
  class space    used 2837K, committed 3008K, reserved 1048576K
}
Event: 1.128 GC heap after
{Heap after GC invocations=6 (full 0):
 garbage-first heap   total 48128K, used 12598K [0x0000000084c00000, 0x0000000100000000)
  region size 1024K, 2 young (2048K), 2 survivors (2048K)
 Metaspace       used 20725K, committed 21056K, reserved 1114112K
  class space    used 2837K, committed 3008K, reserved 1048576K
}
Event: 1.404 GC heap before
{Heap before GC invocations=6 (full 0):
 garbage-first heap   total 48128K, used 34102K [0x0000000084c00000, 0x0000000100000000)
  region size 1024K, 24 young (24576K), 2 survivors (2048K)
 Metaspace       used 24234K, committed 24640K, reserved 1114112K
  class space    used 3306K, committed 3520K, reserved 1048576K
}
Event: 1.407 GC heap after
{Heap after GC invocations=7 (full 0):
 garbage-first heap   total 58368K, used 13852K [0x0000000084c00000, 0x0000000100000000)
  region size 1024K, 3 young (3072K), 3 survivors (3072K)
 Metaspace       used 24234K, committed 24640K, reserved 1114112K
  class space    used 3306K, committed 3520K, reserved 1048576K
}
Event: 1.766 GC heap before
{Heap before GC invocations=8 (full 0):
 garbage-first heap   total 51200K, used 45596K [0x0000000084c00000, 0x0000000100000000)
  region size 1024K, 34 young (34816K), 3 survivors (3072K)
 Metaspace       used 29822K, committed 30400K, reserved 1114112K
  class space    used 4087K, committed 4352K, reserved 1048576K
}
Event: 1.773 GC heap after
{Heap after GC invocations=9 (full 0):
 garbage-first heap   total 53248K, used 16565K [0x0000000084c00000, 0x0000000100000000)
  region size 1024K, 5 young (5120K), 5 survivors (5120K)
 Metaspace       used 29822K, committed 30400K, reserved 1114112K
  class space    used 4087K, committed 4352K, reserved 1048576K
}
Event: 2.036 GC heap before
{Heap before GC invocations=9 (full 0):
 garbage-first heap   total 53248K, used 41141K [0x0000000084c00000, 0x0000000100000000)
  region size 1024K, 30 young (30720K), 5 survivors (5120K)
 Metaspace       used 35178K, committed 35776K, reserved 1114112K
  class space    used 4908K, committed 5184K, reserved 1048576K
}
Event: 2.041 GC heap after
{Heap after GC invocations=10 (full 0):
 garbage-first heap   total 53248K, used 18480K [0x0000000084c00000, 0x0000000100000000)
  region size 1024K, 3 young (3072K), 3 survivors (3072K)
 Metaspace       used 35178K, committed 35776K, reserved 1114112K
  class space    used 4908K, committed 5184K, reserved 1048576K
}
Event: 2.269 GC heap before
{Heap before GC invocations=10 (full 0):
 garbage-first heap   total 53248K, used 44080K [0x0000000084c00000, 0x0000000100000000)
  region size 1024K, 28 young (28672K), 3 survivors (3072K)
 Metaspace       used 38033K, committed 38656K, reserved 1114112K
  class space    used 5313K, committed 5568K, reserved 1048576K
}
Event: 2.273 GC heap after
{Heap after GC invocations=11 (full 0):
 garbage-first heap   total 53248K, used 21145K [0x0000000084c00000, 0x0000000100000000)
  region size 1024K, 3 young (3072K), 3 survivors (3072K)
 Metaspace       used 38033K, committed 38656K, reserved 1114112K
  class space    used 5313K, committed 5568K, reserved 1048576K
}
Event: 363.753 GC heap before
{Heap before GC invocations=11 (full 0):
 garbage-first heap   total 53248K, used 44697K [0x0000000084c00000, 0x0000000100000000)
  region size 1024K, 26 young (26624K), 3 survivors (3072K)
 Metaspace       used 39774K, committed 40448K, reserved 1114112K
  class space    used 5565K, committed 5888K, reserved 1048576K
}

