# JRE version: Java(TM) SE Runtime Environment (21.0.9+7) (build 21.0.9+7-LTS-338)
# Java VM: Java HotSpot(TM) 64-Bit Server VM (21.0.9+7-LTS-338, mixed mode, sharing, tiered, compressed oops, compressed class ptrs, g1 gc, windows-amd64)
GC Precious Log:
 CardTable entry size: 512
 Card Set container configuration: InlinePtr #cards 5 size 8 Array Of Cards #cards 12 size 40 Howl #buckets 4 coarsen threshold 1843 Howl Bitmap #cards 512 size 80 coarsen threshold 460 Card regions per heap region 1 cards per card region 2048
 CPUs: 16 total, 16 available
 Memory: 7885M
 Large Page Support: Disabled
 NUMA Support: Disabled
 Compressed Oops: Enabled (32-bit)
 Heap Region Size: 1M
 Heap Min Capacity: 8M
 Heap Initial Capacity: 124M
 Heap Max Capacity: 1972M
 Pre-touch: Disabled
 Parallel Workers: 13
 Concurrent Workers: 3
 Concurrent Refinement Workers: 13
 Periodic GC: Disabled
Heap:
 garbage-first heap   total 115712K, used 93184K [0x0000000084c00000, 0x0000000100000000)
  region size 1024K, 46 young (47104K), 8 survivors (8192K)
 Metaspace       used 33687K, committed 34240K, reserved 1114112K
  class space    used 3737K, committed 3968K, reserved 1048576K
GC Heap History (16 events):
Event: 2.299 GC heap before
{Heap before GC invocations=0 (full 0):
 garbage-first heap   total 126976K, used 22528K [0x0000000084c00000, 0x0000000100000000)
  region size 1024K, 23 young (23552K), 0 survivors (0K)
 Metaspace       used 5645K, committed 5888K, reserved 1114112K
  class space    used 646K, committed 768K, reserved 1048576K
}
Event: 2.315 GC heap after
{Heap after GC invocations=1 (full 0):
 garbage-first heap   total 126976K, used 3704K [0x0000000084c00000, 0x0000000100000000)
  region size 1024K, 3 young (3072K), 3 survivors (3072K)
 Metaspace       used 5645K, committed 5888K, reserved 1114112K
  class space    used 646K, committed 768K, reserved 1048576K
}
Event: 4.161 GC heap before
{Heap before GC invocations=1 (full 0):
 garbage-first heap   total 126976K, used 34424K [0x0000000084c00000, 0x0000000100000000)
  region size 1024K, 33 young (33792K), 3 survivors (3072K)
 Metaspace       used 9576K, committed 9792K, reserved 1114112K
  class space    used 1111K, committed 1216K, reserved 1048576K
}
Event: 4.180 GC heap after
{Heap after GC invocations=2 (full 0):
 garbage-first heap   total 126976K, used 5780K [0x0000000084c00000, 0x0000000100000000)
  region size 1024K, 2 young (2048K), 2 survivors (2048K)
 Metaspace       used 9576K, committed 9792K, reserved 1114112K
  class space    used 1111K, committed 1216K, reserved 1048576K
}
Event: 18.699 GC heap before
{Heap before GC invocations=2 (full 0):
 garbage-first heap   total 126976K, used 79508K [0x0000000084c00000, 0x0000000100000000)
  region size 1024K, 74 young (75776K), 2 survivors (2048K)
 Metaspace       used 16023K, committed 16256K, reserved 1114112K
  class space    used 1833K, committed 1920K, reserved 1048576K
}
Event: 18.728 GC heap after
{Heap after GC invocations=3 (full 0):
 garbage-first heap   total 126976K, used 13143K [0x0000000084c00000, 0x0000000100000000)
  region size 1024K, 9 young (9216K), 9 survivors (9216K)
 Metaspace       used 16023K, committed 16256K, reserved 1114112K
  class space    used 1833K, committed 1920K, reserved 1048576K
}
Event: 27.963 GC heap before
{Heap before GC invocations=3 (full 0):
 garbage-first heap   total 126976K, used 79703K [0x0000000084c00000, 0x0000000100000000)
  region size 1024K, 74 young (75776K), 9 survivors (9216K)
 Metaspace       used 20335K, committed 20736K, reserved 1114112K
  class space    used 2262K, committed 2432K, reserved 1048576K
}
Event: 27.994 GC heap after
{Heap after GC invocations=4 (full 0):
 garbage-first heap   total 126976K, used 17308K [0x0000000084c00000, 0x0000000100000000)
  region size 1024K, 5 young (5120K), 5 survivors (5120K)
 Metaspace       used 20335K, committed 20736K, reserved 1114112K
  class space    used 2262K, committed 2432K, reserved 1048576K
}
Event: 29.396 GC heap before
{Heap before GC invocations=4 (full 0):
 garbage-first heap   total 126976K, used 37788K [0x0000000084c00000, 0x0000000100000000)
  region size 1024K, 20 young (20480K), 5 survivors (5120K)
 Metaspace       used 21245K, committed 21504K, reserved 1114112K
  class space    used 2388K, committed 2496K, reserved 1048576K
}
Event: 29.410 GC heap after
{Heap after GC invocations=5 (full 0):
 garbage-first heap   total 126976K, used 27548K [0x0000000084c00000, 0x0000000100000000)
  region size 1024K, 9 young (9216K), 9 survivors (9216K)
 Metaspace       used 21245K, committed 21504K, reserved 1114112K
  class space    used 2388K, committed 2496K, reserved 1048576K
}
Event: 39.657 GC heap before
{Heap before GC invocations=6 (full 0):
 garbage-first heap   total 99328K, used 93084K [0x0000000084c00000, 0x0000000100000000)
  region size 1024K, 74 young (75776K), 9 survivors (9216K)
 Metaspace       used 29137K, committed 29568K, reserved 1114112K
  class space    used 3236K, committed 3456K, reserved 1048576K
}
Event: 39.698 GC heap after
{Heap after GC invocations=7 (full 0):
 garbage-first heap   total 114688K, used 35037K [0x0000000084c00000, 0x0000000100000000)
  region size 1024K, 10 young (10240K), 10 survivors (10240K)
 Metaspace       used 29137K, committed 29568K, reserved 1114112K
  class space    used 3236K, committed 3456K, reserved 1048576K
}
Event: 53.678 GC heap before
{Heap before GC invocations=7 (full 0):
 garbage-first heap   total 114688K, used 92381K [0x0000000084c00000, 0x0000000100000000)
  region size 1024K, 66 young (67584K), 10 survivors (10240K)
 Metaspace       used 31111K, committed 31616K, reserved 1114112K
  class space    used 3469K, committed 3712K, reserved 1048576K
}
Event: 53.715 GC heap after
{Heap after GC invocations=8 (full 0):
 garbage-first heap   total 114688K, used 37376K [0x0000000084c00000, 0x0000000100000000)
  region size 1024K, 2 young (2048K), 2 survivors (2048K)
 Metaspace       used 31111K, committed 31616K, reserved 1114112K
  class space    used 3469K, committed 3712K, reserved 1048576K
}
Event: 66.746 GC heap before
{Heap before GC invocations=8 (full 0):
 garbage-first heap   total 114688K, used 98816K [0x0000000084c00000, 0x0000000100000000)
  region size 1024K, 59 young (60416K), 2 survivors (2048K)
 Metaspace       used 32498K, committed 33024K, reserved 1114112K
  class space    used 3593K, committed 3840K, reserved 1048576K
}
Event: 66.858 GC heap after
{Heap after GC invocations=9 (full 0):
 garbage-first heap   total 115712K, used 55296K [0x0000000084c00000, 0x0000000100000000)
  region size 1024K, 8 young (8192K), 8 survivors (8192K)
 Metaspace       used 32498K, committed 33024K, reserved 1114112K
  class space    used 3593K, committed 3840K, reserved 1048576K
}

