# JRE version: Java(TM) SE Runtime Environment (21.0.9+7) (build 21.0.9+7-LTS-338)
# Java VM: Java HotSpot(TM) 64-Bit Server VM (21.0.9+7-LTS-338, mixed mode, emulated-client, sharing, tiered, compressed oops, compressed class ptrs, g1 gc, windows-amd64)
GC Precious Log:
 CardTable entry size: 512
 Card Set container configuration: InlinePtr #cards 5 size 8 Array Of Cards #cards 12 size 40 Howl #buckets 4 coarsen threshold 1843 Howl Bitmap #cards 512 size 80 coarsen threshold 460 Card regions per heap region 1 cards per card region 2048
 CPUs: 16 total, 16 available
 Memory: 7885M
 Large Page Support: Disabled
 NUMA Support: Disabled
 Compressed Oops: Enabled (32-bit)
 Heap Region Size: 1M
 Heap Min Capacity: 8M
 Heap Initial Capacity: 124M
 Heap Max Capacity: 1972M
 Pre-touch: Disabled
 Parallel Workers: 13
 Concurrent Workers: 3
 Concurrent Refinement Workers: 13
 Periodic GC: Disabled
Heap:
 garbage-first heap   total 54272K, used 42826K [0x0000000084c00000, 0x0000000100000000)
  region size 1024K, 24 young (24576K), 3 survivors (3072K)
 Metaspace       used 39870K, committed 40576K, reserved 1114112K
  class space    used 5591K, committed 5952K, reserved 1048576K
GC Heap History (17 events):
Event: 0.538 GC heap before
{Heap before GC invocations=0 (full 0):
 garbage-first heap   total 126976K, used 23552K [0x0000000084c00000, 0x0000000100000000)
  region size 1024K, 23 young (23552K), 0 survivors (0K)
 Metaspace       used 5448K, committed 5696K, reserved 1114112K
  class space    used 701K, committed 832K, reserved 1048576K
}
Event: 0.543 GC heap after
{Heap after GC invocations=1 (full 0):
 garbage-first heap   total 126976K, used 5258K [0x0000000084c00000, 0x0000000100000000)
  region size 1024K, 3 young (3072K), 3 survivors (3072K)
 Metaspace       used 5448K, committed 5696K, reserved 1114112K
  class space    used 701K, committed 832K, reserved 1048576K
}
Event: 0.915 GC heap before
{Heap before GC invocations=1 (full 0):
 garbage-first heap   total 126976K, used 35978K [0x0000000084c00000, 0x0000000100000000)
  region size 1024K, 34 young (34816K), 3 survivors (3072K)
 Metaspace       used 11685K, committed 11904K, reserved 1114112K
  class space    used 1701K, committed 1792K, reserved 1048576K
}
Event: 0.921 GC heap after
{Heap after GC invocations=2 (full 0):
 garbage-first heap   total 126976K, used 7504K [0x0000000084c00000, 0x0000000100000000)
  region size 1024K, 3 young (3072K), 3 survivors (3072K)
 Metaspace       used 11685K, committed 11904K, reserved 1114112K
  class space    used 1701K, committed 1792K, reserved 1048576K
}
Event: 1.321 GC heap before
{Heap before GC invocations=2 (full 0):
 garbage-first heap   total 126976K, used 44368K [0x0000000084c00000, 0x0000000100000000)
  region size 1024K, 41 young (41984K), 3 survivors (3072K)
 Metaspace       used 18999K, committed 19328K, reserved 1114112K
  class space    used 2587K, committed 2752K, reserved 1048576K
}
Event: 1.329 GC heap after
{Heap after GC invocations=3 (full 0):
 garbage-first heap   total 126976K, used 11428K [0x0000000084c00000, 0x0000000100000000)
  region size 1024K, 6 young (6144K), 6 survivors (6144K)
 Metaspace       used 18999K, committed 19328K, reserved 1114112K
  class space    used 2587K, committed 2752K, reserved 1048576K
}
Event: 2.169 GC heap before
{Heap before GC invocations=4 (full 0):
 garbage-first heap   total 45056K, used 44196K [0x0000000084c00000, 0x0000000100000000)
  region size 1024K, 38 young (38912K), 6 survivors (6144K)
 Metaspace       used 22236K, committed 22656K, reserved 1114112K
  class space    used 3007K, committed 3200K, reserved 1048576K
}
Event: 2.177 GC heap after
{Heap after GC invocations=5 (full 0):
 garbage-first heap   total 54272K, used 13310K [0x0000000084c00000, 0x0000000100000000)
  region size 1024K, 6 young (6144K), 6 survivors (6144K)
 Metaspace       used 22236K, committed 22656K, reserved 1114112K
  class space    used 3007K, committed 3200K, reserved 1048576K
}
Event: 3.069 GC heap before
{Heap before GC invocations=5 (full 0):
 garbage-first heap   total 54272K, used 38910K [0x0000000084c00000, 0x0000000100000000)
  region size 1024K, 31 young (31744K), 6 survivors (6144K)
 Metaspace       used 26355K, committed 26880K, reserved 1114112K
  class space    used 3660K, committed 3904K, reserved 1048576K
}
Event: 3.076 GC heap after
{Heap after GC invocations=6 (full 0):
 garbage-first heap   total 54272K, used 15095K [0x0000000084c00000, 0x0000000100000000)
  region size 1024K, 4 young (4096K), 4 survivors (4096K)
 Metaspace       used 26355K, committed 26880K, reserved 1114112K
  class space    used 3660K, committed 3904K, reserved 1048576K
}
Event: 3.683 GC heap before
{Heap before GC invocations=6 (full 0):
 garbage-first heap   total 54272K, used 40695K [0x0000000084c00000, 0x0000000100000000)
  region size 1024K, 30 young (30720K), 4 survivors (4096K)
 Metaspace       used 31701K, committed 32256K, reserved 1114112K
  class space    used 4353K, committed 4608K, reserved 1048576K
}
Event: 3.690 GC heap after
{Heap after GC invocations=7 (full 0):
 garbage-first heap   total 54272K, used 17301K [0x0000000084c00000, 0x0000000100000000)
  region size 1024K, 3 young (3072K), 3 survivors (3072K)
 Metaspace       used 31701K, committed 32256K, reserved 1114112K
  class space    used 4353K, committed 4608K, reserved 1048576K
}
Event: 4.639 GC heap before
{Heap before GC invocations=8 (full 0):
 garbage-first heap   total 54272K, used 43925K [0x0000000084c00000, 0x0000000100000000)
  region size 1024K, 29 young (29696K), 3 survivors (3072K)
 Metaspace       used 35533K, committed 36160K, reserved 1114112K
  class space    used 4961K, committed 5248K, reserved 1048576K
}
Event: 4.643 GC heap after
{Heap after GC invocations=9 (full 0):
 garbage-first heap   total 54272K, used 19545K [0x0000000084c00000, 0x0000000100000000)
  region size 1024K, 4 young (4096K), 4 survivors (4096K)
 Metaspace       used 35533K, committed 36160K, reserved 1114112K
  class space    used 4961K, committed 5248K, reserved 1048576K
}
Event: 5.199 GC heap before
{Heap before GC invocations=9 (full 0):
 garbage-first heap   total 54272K, used 45145K [0x0000000084c00000, 0x0000000100000000)
  region size 1024K, 29 young (29696K), 4 survivors (4096K)
 Metaspace       used 39109K, committed 39808K, reserved 1114112K
  class space    used 5462K, committed 5760K, reserved 1048576K
}
Event: 5.205 GC heap after
{Heap after GC invocations=10 (full 0):
 garbage-first heap   total 54272K, used 22346K [0x0000000084c00000, 0x0000000100000000)
  region size 1024K, 3 young (3072K), 3 survivors (3072K)
 Metaspace       used 39109K, committed 39808K, reserved 1114112K
  class space    used 5462K, committed 5760K, reserved 1048576K
}
Event: 476.756 GC heap before
{Heap before GC invocations=10 (full 0):
 garbage-first heap   total 54272K, used 42826K [0x0000000084c00000, 0x0000000100000000)
  region size 1024K, 24 young (24576K), 3 survivors (3072K)
 Metaspace       used 39870K, committed 40576K, reserved 1114112K
  class space    used 5591K, committed 5952K, reserved 1048576K
}

