# JRE version: Java(TM) SE Runtime Environment (21.0.9+7) (build 21.0.9+7-LTS-338)
# Java VM: Java HotSpot(TM) 64-Bit Server VM (21.0.9+7-LTS-338, mixed mode, emulated-client, sharing, tiered, compressed oops, compressed class ptrs, g1 gc, windows-amd64)
GC Precious Log:
 CardTable entry size: 512
 Card Set container configuration: InlinePtr #cards 5 size 8 Array Of Cards #cards 12 size 40 Howl #buckets 4 coarsen threshold 1843 Howl Bitmap #cards 512 size 80 coarsen threshold 460 Card regions per heap region 1 cards per card region 2048
 CPUs: 16 total, 16 available
 Memory: 7885M
 Large Page Support: Disabled
 NUMA Support: Disabled
 Compressed Oops: Enabled (32-bit)
 Heap Region Size: 1M
 Heap Min Capacity: 8M
 Heap Initial Capacity: 124M
 Heap Max Capacity: 1972M
 Pre-touch: Disabled
 Parallel Workers: 13
 Concurrent Workers: 3
 Concurrent Refinement Workers: 13
 Periodic GC: Disabled
Heap:
 garbage-first heap   total 65536K, used 51284K [0x0000000084c00000, 0x0000000100000000)
  region size 1024K, 36 young (36864K), 5 survivors (5120K)
 Metaspace       used 39866K, committed 40576K, reserved 1114112K
  class space    used 5588K, committed 5952K, reserved 1048576K
GC Heap History (15 events):
Event: 0.626 GC heap before
{Heap before GC invocations=0 (full 0):
 garbage-first heap   total 126976K, used 23552K [0x0000000084c00000, 0x0000000100000000)
  region size 1024K, 23 young (23552K), 0 survivors (0K)
 Metaspace       used 5068K, committed 5312K, reserved 1114112K
  class space    used 659K, committed 768K, reserved 1048576K
}
Event: 0.634 GC heap after
{Heap after GC invocations=1 (full 0):
 garbage-first heap   total 126976K, used 5154K [0x0000000084c00000, 0x0000000100000000)
  region size 1024K, 3 young (3072K), 3 survivors (3072K)
 Metaspace       used 5068K, committed 5312K, reserved 1114112K
  class space    used 659K, committed 768K, reserved 1048576K
}
Event: 1.116 GC heap before
{Heap before GC invocations=1 (full 0):
 garbage-first heap   total 126976K, used 35874K [0x0000000084c00000, 0x0000000100000000)
  region size 1024K, 34 young (34816K), 3 survivors (3072K)
 Metaspace       used 11359K, committed 11648K, reserved 1114112K
  class space    used 1658K, committed 1792K, reserved 1048576K
}
Event: 1.123 GC heap after
{Heap after GC invocations=2 (full 0):
 garbage-first heap   total 126976K, used 7656K [0x0000000084c00000, 0x0000000100000000)
  region size 1024K, 3 young (3072K), 3 survivors (3072K)
 Metaspace       used 11359K, committed 11648K, reserved 1114112K
  class space    used 1658K, committed 1792K, reserved 1048576K
}
Event: 1.536 GC heap before
{Heap before GC invocations=2 (full 0):
 garbage-first heap   total 126976K, used 45544K [0x0000000084c00000, 0x0000000100000000)
  region size 1024K, 42 young (43008K), 3 survivors (3072K)
 Metaspace       used 18998K, committed 19328K, reserved 1114112K
  class space    used 2586K, committed 2752K, reserved 1048576K
}
Event: 1.542 GC heap after
{Heap after GC invocations=3 (full 0):
 garbage-first heap   total 126976K, used 11584K [0x0000000084c00000, 0x0000000100000000)
  region size 1024K, 7 young (7168K), 7 survivors (7168K)
 Metaspace       used 18998K, committed 19328K, reserved 1114112K
  class space    used 2586K, committed 2752K, reserved 1048576K
}
Event: 2.179 GC heap before
{Heap before GC invocations=4 (full 0):
 garbage-first heap   total 48128K, used 46400K [0x0000000084c00000, 0x0000000100000000)
  region size 1024K, 41 young (41984K), 7 survivors (7168K)
 Metaspace       used 22547K, committed 22976K, reserved 1114112K
  class space    used 3065K, committed 3264K, reserved 1048576K
}
Event: 2.188 GC heap after
{Heap after GC invocations=5 (full 0):
 garbage-first heap   total 57344K, used 13509K [0x0000000084c00000, 0x0000000100000000)
  region size 1024K, 6 young (6144K), 6 survivors (6144K)
 Metaspace       used 22547K, committed 22976K, reserved 1114112K
  class space    used 3065K, committed 3264K, reserved 1048576K
}
Event: 4.279 GC heap before
{Heap before GC invocations=5 (full 0):
 garbage-first heap   total 57344K, used 41157K [0x0000000084c00000, 0x0000000100000000)
  region size 1024K, 33 young (33792K), 6 survivors (6144K)
 Metaspace       used 27364K, committed 27840K, reserved 1114112K
  class space    used 3759K, committed 3968K, reserved 1048576K
}
Event: 4.289 GC heap after
{Heap after GC invocations=6 (full 0):
 garbage-first heap   total 69632K, used 16036K [0x0000000084c00000, 0x0000000100000000)
  region size 1024K, 5 young (5120K), 5 survivors (5120K)
 Metaspace       used 27364K, committed 27840K, reserved 1114112K
  class space    used 3759K, committed 3968K, reserved 1048576K
}
Event: 4.904 GC heap before
{Heap before GC invocations=6 (full 0):
 garbage-first heap   total 69632K, used 36516K [0x0000000084c00000, 0x0000000100000000)
  region size 1024K, 26 young (26624K), 5 survivors (5120K)
 Metaspace       used 31712K, committed 32256K, reserved 1114112K
  class space    used 4353K, committed 4608K, reserved 1048576K
}
Event: 4.910 GC heap after
{Heap after GC invocations=7 (full 0):
 garbage-first heap   total 69632K, used 17326K [0x0000000084c00000, 0x0000000100000000)
  region size 1024K, 5 young (5120K), 5 survivors (5120K)
 Metaspace       used 31712K, committed 32256K, reserved 1114112K
  class space    used 4353K, committed 4608K, reserved 1048576K
}
Event: 5.581 GC heap before
{Heap before GC invocations=8 (full 0):
 garbage-first heap   total 65536K, used 53166K [0x0000000084c00000, 0x0000000100000000)
  region size 1024K, 40 young (40960K), 5 survivors (5120K)
 Metaspace       used 36905K, committed 37504K, reserved 1114112K
  class space    used 5150K, committed 5440K, reserved 1048576K
}
Event: 5.587 GC heap after
{Heap after GC invocations=9 (full 0):
 garbage-first heap   total 65536K, used 20564K [0x0000000084c00000, 0x0000000100000000)
  region size 1024K, 5 young (5120K), 5 survivors (5120K)
 Metaspace       used 36905K, committed 37504K, reserved 1114112K
  class space    used 5150K, committed 5440K, reserved 1048576K
}
Event: 265.990 GC heap before
{Heap before GC invocations=9 (full 0):
 garbage-first heap   total 65536K, used 51284K [0x0000000084c00000, 0x0000000100000000)
  region size 1024K, 36 young (36864K), 5 survivors (5120K)
 Metaspace       used 39866K, committed 40576K, reserved 1114112K
  class space    used 5588K, committed 5952K, reserved 1048576K
}

