# JRE version: Java(TM) SE Runtime Environment (21.0.9+7) (build 21.0.9+7-LTS-338)
# Java VM: Java HotSpot(TM) 64-Bit Server VM (21.0.9+7-LTS-338, mixed mode, emulated-client, sharing, tiered, compressed oops, compressed class ptrs, g1 gc, windows-amd64)
GC Precious Log:
 CardTable entry size: 512
 Card Set container configuration: InlinePtr #cards 5 size 8 Array Of Cards #cards 12 size 40 Howl #buckets 4 coarsen threshold 1843 Howl Bitmap #cards 512 size 80 coarsen threshold 460 Card regions per heap region 1 cards per card region 2048
 CPUs: 16 total, 16 available
 Memory: 7885M
 Large Page Support: Disabled
 NUMA Support: Disabled
 Compressed Oops: Enabled (32-bit)
 Heap Region Size: 1M
 Heap Min Capacity: 8M
 Heap Initial Capacity: 124M
 Heap Max Capacity: 1972M
 Pre-touch: Disabled
 Parallel Workers: 13
 Concurrent Workers: 3
 Concurrent Refinement Workers: 13
 Periodic GC: Disabled
Heap:
 garbage-first heap   total 51200K, used 22475K [0x0000000084c00000, 0x0000000100000000)
  region size 1024K, 2 young (2048K), 2 survivors (2048K)
 Metaspace       used 39770K, committed 40448K, reserved 1114112K
  class space    used 5568K, committed 5888K, reserved 1048576K
GC Heap History (20 events):
Event: 0.551 GC heap after
{Heap after GC invocations=1 (full 0):
 garbage-first heap   total 126976K, used 5007K [0x0000000084c00000, 0x0000000100000000)
  region size 1024K, 3 young (3072K), 3 survivors (3072K)
 Metaspace       used 5055K, committed 5312K, reserved 1114112K
  class space    used 657K, committed 768K, reserved 1048576K
}
Event: 0.886 GC heap before
{Heap before GC invocations=1 (full 0):
 garbage-first heap   total 126976K, used 35727K [0x0000000084c00000, 0x0000000100000000)
  region size 1024K, 33 young (33792K), 3 survivors (3072K)
 Metaspace       used 11125K, committed 11392K, reserved 1114112K
  class space    used 1626K, committed 1728K, reserved 1048576K
}
Event: 0.892 GC heap after
{Heap after GC invocations=2 (full 0):
 garbage-first heap   total 126976K, used 7356K [0x0000000084c00000, 0x0000000100000000)
  region size 1024K, 3 young (3072K), 3 survivors (3072K)
 Metaspace       used 11125K, committed 11392K, reserved 1114112K
  class space    used 1626K, committed 1728K, reserved 1048576K
}
Event: 1.028 GC heap before
{Heap before GC invocations=2 (full 0):
 garbage-first heap   total 126976K, used 22716K [0x0000000084c00000, 0x0000000100000000)
  region size 1024K, 20 young (20480K), 3 survivors (3072K)
 Metaspace       used 14653K, committed 14976K, reserved 1114112K
  class space    used 2019K, committed 2176K, reserved 1048576K
}
Event: 1.032 GC heap after
{Heap after GC invocations=3 (full 0):
 garbage-first heap   total 126976K, used 9165K [0x0000000084c00000, 0x0000000100000000)
  region size 1024K, 4 young (4096K), 4 survivors (4096K)
 Metaspace       used 14653K, committed 14976K, reserved 1114112K
  class space    used 2019K, committed 2176K, reserved 1048576K
}
Event: 1.191 GC heap before
{Heap before GC invocations=4 (full 0):
 garbage-first heap   total 34816K, used 34765K [0x0000000084c00000, 0x0000000100000000)
  region size 1024K, 29 young (29696K), 4 survivors (4096K)
 Metaspace       used 18769K, committed 19072K, reserved 1114112K
  class space    used 2566K, committed 2688K, reserved 1048576K
}
Event: 1.195 GC heap after
{Heap after GC invocations=5 (full 0):
 garbage-first heap   total 41984K, used 11695K [0x0000000084c00000, 0x0000000100000000)
  region size 1024K, 7 young (7168K), 7 survivors (7168K)
 Metaspace       used 18769K, committed 19072K, reserved 1114112K
  class space    used 2566K, committed 2688K, reserved 1048576K
}
Event: 1.336 GC heap before
{Heap before GC invocations=5 (full 0):
 garbage-first heap   total 41984K, used 29103K [0x0000000084c00000, 0x0000000100000000)
  region size 1024K, 24 young (24576K), 7 survivors (7168K)
 Metaspace       used 19718K, committed 20032K, reserved 1114112K
  class space    used 2718K, committed 2880K, reserved 1048576K
}
Event: 1.340 GC heap after
{Heap after GC invocations=6 (full 0):
 garbage-first heap   total 51200K, used 11987K [0x0000000084c00000, 0x0000000100000000)
  region size 1024K, 2 young (2048K), 2 survivors (2048K)
 Metaspace       used 19718K, committed 20032K, reserved 1114112K
  class space    used 2718K, committed 2880K, reserved 1048576K
}
Event: 1.716 GC heap before
{Heap before GC invocations=6 (full 0):
 garbage-first heap   total 51200K, used 38611K [0x0000000084c00000, 0x0000000100000000)
  region size 1024K, 29 young (29696K), 2 survivors (2048K)
 Metaspace       used 23964K, committed 24384K, reserved 1114112K
  class space    used 3267K, committed 3456K, reserved 1048576K
}
Event: 1.719 GC heap after
{Heap after GC invocations=7 (full 0):
 garbage-first heap   total 51200K, used 13535K [0x0000000084c00000, 0x0000000100000000)
  region size 1024K, 4 young (4096K), 4 survivors (4096K)
 Metaspace       used 23964K, committed 24384K, reserved 1114112K
  class space    used 3267K, committed 3456K, reserved 1048576K
}
Event: 1.790 GC heap before
{Heap before GC invocations=7 (full 0):
 garbage-first heap   total 51200K, used 17631K [0x0000000084c00000, 0x0000000100000000)
  region size 1024K, 9 young (9216K), 4 survivors (4096K)
 Metaspace       used 24798K, committed 25216K, reserved 1114112K
  class space    used 3405K, committed 3584K, reserved 1048576K
}
Event: 1.793 GC heap after
{Heap after GC invocations=8 (full 0):
 garbage-first heap   total 51200K, used 14184K [0x0000000084c00000, 0x0000000100000000)
  region size 1024K, 3 young (3072K), 3 survivors (3072K)
 Metaspace       used 24798K, committed 25216K, reserved 1114112K
  class space    used 3405K, committed 3584K, reserved 1048576K
}
Event: 2.261 GC heap before
{Heap before GC invocations=9 (full 0):
 garbage-first heap   total 51200K, used 40808K [0x0000000084c00000, 0x0000000100000000)
  region size 1024K, 29 young (29696K), 3 survivors (3072K)
 Metaspace       used 29365K, committed 29952K, reserved 1114112K
  class space    used 4036K, committed 4288K, reserved 1048576K
}
Event: 2.265 GC heap after
{Heap after GC invocations=10 (full 0):
 garbage-first heap   total 51200K, used 16561K [0x0000000084c00000, 0x0000000100000000)
  region size 1024K, 3 young (3072K), 3 survivors (3072K)
 Metaspace       used 29365K, committed 29952K, reserved 1114112K
  class space    used 4036K, committed 4288K, reserved 1048576K
}
Event: 2.571 GC heap before
{Heap before GC invocations=10 (full 0):
 garbage-first heap   total 51200K, used 41137K [0x0000000084c00000, 0x0000000100000000)
  region size 1024K, 28 young (28672K), 3 survivors (3072K)
 Metaspace       used 34651K, committed 35264K, reserved 1114112K
  class space    used 4839K, committed 5120K, reserved 1048576K
}
Event: 2.576 GC heap after
{Heap after GC invocations=11 (full 0):
 garbage-first heap   total 51200K, used 18444K [0x0000000084c00000, 0x0000000100000000)
  region size 1024K, 3 young (3072K), 3 survivors (3072K)
 Metaspace       used 34651K, committed 35264K, reserved 1114112K
  class space    used 4839K, committed 5120K, reserved 1048576K
}
Event: 2.878 GC heap before
{Heap before GC invocations=11 (full 0):
 garbage-first heap   total 51200K, used 41996K [0x0000000084c00000, 0x0000000100000000)
  region size 1024K, 26 young (26624K), 3 survivors (3072K)
 Metaspace       used 37347K, committed 37952K, reserved 1114112K
  class space    used 5210K, committed 5440K, reserved 1048576K
}
Event: 2.882 GC heap after
{Heap after GC invocations=12 (full 0):
 garbage-first heap   total 51200K, used 20903K [0x0000000084c00000, 0x0000000100000000)
  region size 1024K, 3 young (3072K), 3 survivors (3072K)
 Metaspace       used 37347K, committed 37952K, reserved 1114112K
  class space    used 5210K, committed 5440K, reserved 1048576K
}
Event: 159.509 GC heap before
{Heap before GC invocations=12 (full 0):
 garbage-first heap   total 51200K, used 42407K [0x0000000084c00000, 0x0000000100000000)
  region size 1024K, 24 young (24576K), 3 survivors (3072K)
 Metaspace       used 39770K, committed 40448K, reserved 1114112K
  class space    used 5568K, committed 5888K, reserved 1048576K
}

