# JRE version: Java(TM) SE Runtime Environment (21.0.9+7) (build 21.0.9+7-LTS-338)
# Java VM: Java HotSpot(TM) 64-Bit Server VM (21.0.9+7-LTS-338, mixed mode, emulated-client, sharing, tiered, compressed oops, compressed class ptrs, g1 gc, windows-amd64)
GC Precious Log:
 CardTable entry size: 512
 Card Set container configuration: InlinePtr #cards 5 size 8 Array Of Cards #cards 12 size 40 Howl #buckets 4 coarsen threshold 1843 Howl Bitmap #cards 512 size 80 coarsen threshold 460 Card regions per heap region 1 cards per card region 2048
 CPUs: 16 total, 16 available
 Memory: 7885M
 Large Page Support: Disabled
 NUMA Support: Disabled
 Compressed Oops: Enabled (32-bit)
 Heap Region Size: 1M
 Heap Min Capacity: 8M
 Heap Initial Capacity: 124M
 Heap Max Capacity: 1972M
 Pre-touch: Disabled
 Parallel Workers: 13
 Concurrent Workers: 3
 Concurrent Refinement Workers: 13
 Periodic GC: Disabled
Heap:
 garbage-first heap   total 57344K, used 28793K [0x0000000084c00000, 0x0000000100000000)
  region size 1024K, 22 young (22528K), 7 survivors (7168K)
 Metaspace       used 27543K, committed 28032K, reserved 1114112K
  class space    used 3779K, committed 4032K, reserved 1048576K
GC Heap History (8 events):
Event: 13.897 GC heap before
{Heap before GC invocations=0 (full 0):
 garbage-first heap   total 126976K, used 23552K [0x0000000084c00000, 0x0000000100000000)
  region size 1024K, 23 young (23552K), 0 survivors (0K)
 Metaspace       used 5462K, committed 5696K, reserved 1114112K
  class space    used 703K, committed 832K, reserved 1048576K
}
Event: 13.903 GC heap after
{Heap after GC invocations=1 (full 0):
 garbage-first heap   total 126976K, used 5228K [0x0000000084c00000, 0x0000000100000000)
  region size 1024K, 3 young (3072K), 3 survivors (3072K)
 Metaspace       used 5462K, committed 5696K, reserved 1114112K
  class space    used 703K, committed 832K, reserved 1048576K
}
Event: 18.431 GC heap before
{Heap before GC invocations=1 (full 0):
 garbage-first heap   total 126976K, used 34924K [0x0000000084c00000, 0x0000000100000000)
  region size 1024K, 33 young (33792K), 3 survivors (3072K)
 Metaspace       used 11595K, committed 11840K, reserved 1114112K
  class space    used 1683K, committed 1792K, reserved 1048576K
}
Event: 18.439 GC heap after
{Heap after GC invocations=2 (full 0):
 garbage-first heap   total 126976K, used 7656K [0x0000000084c00000, 0x0000000100000000)
  region size 1024K, 3 young (3072K), 3 survivors (3072K)
 Metaspace       used 11595K, committed 11840K, reserved 1114112K
  class space    used 1683K, committed 1792K, reserved 1048576K
}
Event: 27.931 GC heap before
{Heap before GC invocations=2 (full 0):
 garbage-first heap   total 126976K, used 56808K [0x0000000084c00000, 0x0000000100000000)
  region size 1024K, 53 young (54272K), 3 survivors (3072K)
 Metaspace       used 19586K, committed 19904K, reserved 1114112K
  class space    used 2684K, committed 2816K, reserved 1048576K
}
Event: 27.939 GC heap after
{Heap after GC invocations=3 (full 0):
 garbage-first heap   total 126976K, used 12498K [0x0000000084c00000, 0x0000000100000000)
  region size 1024K, 7 young (7168K), 7 survivors (7168K)
 Metaspace       used 19586K, committed 19904K, reserved 1114112K
  class space    used 2684K, committed 2816K, reserved 1048576K
}
Event: 32.171 GC heap before
{Heap before GC invocations=4 (full 0):
 garbage-first heap   total 48128K, used 47314K [0x0000000084c00000, 0x0000000100000000)
  region size 1024K, 41 young (41984K), 7 survivors (7168K)
 Metaspace       used 24799K, committed 25344K, reserved 1114112K
  class space    used 3410K, committed 3648K, reserved 1048576K
}
Event: 32.199 GC heap after
{Heap after GC invocations=5 (full 0):
 garbage-first heap   total 57344K, used 14457K [0x0000000084c00000, 0x0000000100000000)
  region size 1024K, 7 young (7168K), 7 survivors (7168K)
 Metaspace       used 24799K, committed 25344K, reserved 1114112K
  class space    used 3410K, committed 3648K, reserved 1048576K
}

