# JRE version: Java(TM) SE Runtime Environment (21.0.9+7) (build 21.0.9+7-LTS-338)
# Java VM: Java HotSpot(TM) 64-Bit Server VM (21.0.9+7-LTS-338, mixed mode, emulated-client, sharing, tiered, compressed oops, compressed class ptrs, g1 gc, windows-amd64)
GC Precious Log:
 CardTable entry size: 512
 Card Set container configuration: InlinePtr #cards 5 size 8 Array Of Cards #cards 12 size 40 Howl #buckets 4 coarsen threshold 1843 Howl Bitmap #cards 512 size 80 coarsen threshold 460 Card regions per heap region 1 cards per card region 2048
 CPUs: 16 total, 16 available
 Memory: 7885M
 Large Page Support: Disabled
 NUMA Support: Disabled
 Compressed Oops: Enabled (32-bit)
 Heap Region Size: 1M
 Heap Min Capacity: 8M
 Heap Initial Capacity: 124M
 Heap Max Capacity: 1972M
 Pre-touch: Disabled
 Parallel Workers: 13
 Concurrent Workers: 3
 Concurrent Refinement Workers: 13
 Periodic GC: Disabled
Heap:
 garbage-first heap   total 48128K, used 48128K [0x0000000084c00000, 0x0000000100000000)
  region size 1024K, 34 young (34816K), 0 survivors (0K)
 Metaspace       used 26824K, committed 27328K, reserved 1114112K
  class space    used 3746K, committed 3968K, reserved 1048576K
GC Heap History (7 events):
Event: 5.665 GC heap before
{Heap before GC invocations=0 (full 0):
 garbage-first heap   total 126976K, used 22528K [0x0000000084c00000, 0x0000000100000000)
  region size 1024K, 23 young (23552K), 0 survivors (0K)
 Metaspace       used 5882K, committed 6080K, reserved 1114112K
  class space    used 788K, committed 896K, reserved 1048576K
}
Event: 5.684 GC heap after
{Heap after GC invocations=1 (full 0):
 garbage-first heap   total 126976K, used 6108K [0x0000000084c00000, 0x0000000100000000)
  region size 1024K, 3 young (3072K), 3 survivors (3072K)
 Metaspace       used 5882K, committed 6080K, reserved 1114112K
  class space    used 788K, committed 896K, reserved 1048576K
}
Event: 10.888 GC heap before
{Heap before GC invocations=1 (full 0):
 garbage-first heap   total 126976K, used 33756K [0x0000000084c00000, 0x0000000100000000)
  region size 1024K, 31 young (31744K), 3 survivors (3072K)
 Metaspace       used 12280K, committed 12544K, reserved 1114112K
  class space    used 1762K, committed 1920K, reserved 1048576K
}
Event: 10.897 GC heap after
{Heap after GC invocations=2 (full 0):
 garbage-first heap   total 126976K, used 8192K [0x0000000084c00000, 0x0000000100000000)
  region size 1024K, 2 young (2048K), 2 survivors (2048K)
 Metaspace       used 12280K, committed 12544K, reserved 1114112K
  class space    used 1762K, committed 1920K, reserved 1048576K
}
Event: 22.214 GC heap before
{Heap before GC invocations=2 (full 0):
 garbage-first heap   total 126976K, used 65536K [0x0000000084c00000, 0x0000000100000000)
  region size 1024K, 60 young (61440K), 2 survivors (2048K)
 Metaspace       used 21202K, committed 21504K, reserved 1114112K
  class space    used 2873K, committed 3008K, reserved 1048576K
}
Event: 22.229 GC heap after
{Heap after GC invocations=3 (full 0):
 garbage-first heap   total 126976K, used 13312K [0x0000000084c00000, 0x0000000100000000)
  region size 1024K, 7 young (7168K), 7 survivors (7168K)
 Metaspace       used 21202K, committed 21504K, reserved 1114112K
  class space    used 2873K, committed 3008K, reserved 1048576K
}
Event: 27.747 GC heap before
{Heap before GC invocations=4 (full 0):
 garbage-first heap   total 48128K, used 48128K [0x0000000084c00000, 0x0000000100000000)
  region size 1024K, 41 young (41984K), 7 survivors (7168K)
 Metaspace       used 26824K, committed 27328K, reserved 1114112K
  class space    used 3746K, committed 3968K, reserved 1048576K
}

