# JRE version: Java(TM) SE Runtime Environment (21.0.9+7) (build 21.0.9+7-LTS-338)
# Java VM: Java HotSpot(TM) 64-Bit Server VM (21.0.9+7-LTS-338, mixed mode, sharing, tiered, compressed oops, compressed class ptrs, g1 gc, windows-amd64)
GC Precious Log:
 CardTable entry size: 512
 Card Set container configuration: InlinePtr #cards 5 size 8 Array Of Cards #cards 12 size 40 Howl #buckets 4 coarsen threshold 1843 Howl Bitmap #cards 512 size 80 coarsen threshold 460 Card regions per heap region 1 cards per card region 2048
 CPUs: 16 total, 16 available
 Memory: 7885M
 Large Page Support: Disabled
 NUMA Support: Disabled
 Compressed Oops: Enabled (32-bit)
 Heap Region Size: 1M
 Heap Min Capacity: 8M
 Heap Initial Capacity: 124M
 Heap Max Capacity: 1972M
 Pre-touch: Disabled
 Parallel Workers: 13
 Concurrent Workers: 3
 Concurrent Refinement Workers: 13
 Periodic GC: Disabled
Heap:
 garbage-first heap   total 102400K, used 73919K [0x0000000084c00000, 0x0000000100000000)
  region size 1024K, 17 young (17408K), 2 survivors (2048K)
 Metaspace       used 41232K, committed 41920K, reserved 1114112K
  class space    used 4596K, committed 4928K, reserved 1048576K
GC Heap History (20 events):
Event: 35.545 GC heap before
{Heap before GC invocations=10 (full 0):
 garbage-first heap   total 81920K, used 67584K [0x0000000084c00000, 0x0000000100000000)
  region size 1024K, 24 young (24576K), 4 survivors (4096K)
 Metaspace       used 36902K, committed 37248K, reserved 1114112K
  class space    used 4138K, committed 4288K, reserved 1048576K
}
Event: 35.556 GC heap after
{Heap after GC invocations=11 (full 0):
 garbage-first heap   total 81920K, used 49494K [0x0000000084c00000, 0x0000000100000000)
  region size 1024K, 1 young (1024K), 1 survivors (1024K)
 Metaspace       used 36902K, committed 37248K, reserved 1114112K
  class space    used 4138K, committed 4288K, reserved 1048576K
}
Event: 38.368 GC heap before
{Heap before GC invocations=11 (full 0):
 garbage-first heap   total 81920K, used 69974K [0x0000000084c00000, 0x0000000100000000)
  region size 1024K, 22 young (22528K), 1 survivors (1024K)
 Metaspace       used 38016K, committed 38528K, reserved 1114112K
  class space    used 4278K, committed 4544K, reserved 1048576K
}
Event: 38.375 GC heap after
{Heap after GC invocations=12 (full 0):
 garbage-first heap   total 81920K, used 49902K [0x0000000084c00000, 0x0000000100000000)
  region size 1024K, 2 young (2048K), 2 survivors (2048K)
 Metaspace       used 38016K, committed 38528K, reserved 1114112K
  class space    used 4278K, committed 4544K, reserved 1048576K
}
Event: 40.397 GC heap before
{Heap before GC invocations=12 (full 0):
 garbage-first heap   total 81920K, used 71406K [0x0000000084c00000, 0x0000000100000000)
  region size 1024K, 23 young (23552K), 2 survivors (2048K)
 Metaspace       used 38364K, committed 38848K, reserved 1114112K
  class space    used 4296K, committed 4544K, reserved 1048576K
}
Event: 40.405 GC heap after
{Heap after GC invocations=13 (full 0):
 garbage-first heap   total 81920K, used 50897K [0x0000000084c00000, 0x0000000100000000)
  region size 1024K, 3 young (3072K), 3 survivors (3072K)
 Metaspace       used 38364K, committed 38848K, reserved 1114112K
  class space    used 4296K, committed 4544K, reserved 1048576K
}
Event: 41.751 GC heap before
{Heap before GC invocations=14 (full 0):
 garbage-first heap   total 83968K, used 69329K [0x0000000084c00000, 0x0000000100000000)
  region size 1024K, 24 young (24576K), 3 survivors (3072K)
 Metaspace       used 38527K, committed 39040K, reserved 1114112K
  class space    used 4298K, committed 4544K, reserved 1048576K
}
Event: 41.759 GC heap after
{Heap after GC invocations=15 (full 0):
 garbage-first heap   total 83968K, used 47728K [0x0000000084c00000, 0x0000000100000000)
  region size 1024K, 1 young (1024K), 1 survivors (1024K)
 Metaspace       used 38527K, committed 39040K, reserved 1114112K
  class space    used 4298K, committed 4544K, reserved 1048576K
}
Event: 55.371 GC heap before
{Heap before GC invocations=15 (full 0):
 garbage-first heap   total 83968K, used 73328K [0x0000000084c00000, 0x0000000100000000)
  region size 1024K, 27 young (27648K), 1 survivors (1024K)
 Metaspace       used 40652K, committed 41152K, reserved 1114112K
  class space    used 4541K, committed 4800K, reserved 1048576K
}
Event: 55.402 GC heap after
{Heap after GC invocations=16 (full 0):
 garbage-first heap   total 83968K, used 47558K [0x0000000084c00000, 0x0000000100000000)
  region size 1024K, 3 young (3072K), 3 survivors (3072K)
 Metaspace       used 40652K, committed 41152K, reserved 1114112K
  class space    used 4541K, committed 4800K, reserved 1048576K
}
Event: 56.423 GC heap before
{Heap before GC invocations=16 (full 0):
 garbage-first heap   total 83968K, used 48582K [0x0000000084c00000, 0x0000000100000000)
  region size 1024K, 5 young (5120K), 3 survivors (3072K)
 Metaspace       used 40653K, committed 41216K, reserved 1114112K
  class space    used 4541K, committed 4800K, reserved 1048576K
}
Event: 56.435 GC heap after
{Heap after GC invocations=17 (full 0):
 garbage-first heap   total 83968K, used 47701K [0x0000000084c00000, 0x0000000100000000)
  region size 1024K, 3 young (3072K), 3 survivors (3072K)
 Metaspace       used 40653K, committed 41216K, reserved 1114112K
  class space    used 4541K, committed 4800K, reserved 1048576K
}
Event: 61.638 GC heap before
{Heap before GC invocations=18 (full 0):
 garbage-first heap   total 87040K, used 77397K [0x0000000084c00000, 0x0000000100000000)
  region size 1024K, 29 young (29696K), 3 survivors (3072K)
 Metaspace       used 40686K, committed 41280K, reserved 1114112K
  class space    used 4542K, committed 4800K, reserved 1048576K
}
Event: 61.708 GC heap after
{Heap after GC invocations=19 (full 0):
 garbage-first heap   total 92160K, used 62299K [0x0000000084c00000, 0x0000000100000000)
  region size 1024K, 4 young (4096K), 4 survivors (4096K)
 Metaspace       used 40686K, committed 41280K, reserved 1114112K
  class space    used 4542K, committed 4800K, reserved 1048576K
}
Event: 66.288 GC heap before
{Heap before GC invocations=19 (full 0):
 garbage-first heap   total 92160K, used 80731K [0x0000000084c00000, 0x0000000100000000)
  region size 1024K, 23 young (23552K), 4 survivors (4096K)
 Metaspace       used 41160K, committed 41792K, reserved 1114112K
  class space    used 4588K, committed 4864K, reserved 1048576K
}
Event: 66.325 GC heap after
{Heap after GC invocations=20 (full 0):
 garbage-first heap   total 92160K, used 58880K [0x0000000084c00000, 0x0000000100000000)
  region size 1024K, 3 young (3072K), 3 survivors (3072K)
 Metaspace       used 41160K, committed 41792K, reserved 1114112K
  class space    used 4588K, committed 4864K, reserved 1048576K
}
Event: 68.035 GC heap before
{Heap before GC invocations=20 (full 0):
 garbage-first heap   total 92160K, used 78336K [0x0000000084c00000, 0x0000000100000000)
  region size 1024K, 23 young (23552K), 3 survivors (3072K)
 Metaspace       used 42025K, committed 42624K, reserved 1114112K
  class space    used 4701K, committed 4992K, reserved 1048576K
}
Event: 68.055 GC heap after
{Heap after GC invocations=21 (full 0):
 garbage-first heap   total 92160K, used 58948K [0x0000000084c00000, 0x0000000100000000)
  region size 1024K, 1 young (1024K), 1 survivors (1024K)
 Metaspace       used 42025K, committed 42624K, reserved 1114112K
  class space    used 4701K, committed 4992K, reserved 1048576K
}
Event: 71.022 GC heap before
{Heap before GC invocations=21 (full 0):
 garbage-first heap   total 92160K, used 80452K [0x0000000084c00000, 0x0000000100000000)
  region size 1024K, 22 young (22528K), 1 survivors (1024K)
 Metaspace       used 42243K, committed 42816K, reserved 1114112K
  class space    used 4718K, committed 4992K, reserved 1048576K
}
Event: 71.028 GC heap after
{Heap after GC invocations=22 (full 0):
 garbage-first heap   total 92160K, used 59583K [0x0000000084c00000, 0x0000000100000000)
  region size 1024K, 2 young (2048K), 2 survivors (2048K)
 Metaspace       used 42243K, committed 42816K, reserved 1114112K
  class space    used 4718K, committed 4992K, reserved 1048576K
}

