# JRE version: Java(TM) SE Runtime Environment (21.0.9+7) (build 21.0.9+7-LTS-338)
# Java VM: Java HotSpot(TM) 64-Bit Server VM (21.0.9+7-LTS-338, mixed mode, sharing, tiered, compressed oops, compressed class ptrs, g1 gc, windows-amd64)
GC Precious Log:
 CardTable entry size: 512
 Card Set container configuration: InlinePtr #cards 5 size 8 Array Of Cards #cards 12 size 40 Howl #buckets 4 coarsen threshold 1843 Howl Bitmap #cards 512 size 80 coarsen threshold 460 Card regions per heap region 1 cards per card region 2048
 CPUs: 16 total, 16 available
 Memory: 7885M
 Large Page Support: Disabled
 NUMA Support: Disabled
 Compressed Oops: Enabled (32-bit)
 Heap Region Size: 1M
 Heap Min Capacity: 8M
 Heap Initial Capacity: 124M
 Heap Max Capacity: 1972M
 Pre-touch: Disabled
 Parallel Workers: 13
 Concurrent Workers: 3
 Concurrent Refinement Workers: 13
 Periodic GC: Disabled
Heap:
 garbage-first heap   total 102400K, used 76719K [0x0000000084c00000, 0x0000000100000000)
  region size 1024K, 24 young (24576K), 2 survivors (2048K)
 Metaspace       used 42175K, committed 42752K, reserved 1114112K
  class space    used 4714K, committed 4992K, reserved 1048576K
GC Heap History (20 events):
Event: 34.970 GC heap before
{Heap before GC invocations=7 (full 0):
 garbage-first heap   total 69632K, used 59257K [0x0000000084c00000, 0x0000000100000000)
  region size 1024K, 34 young (34816K), 5 survivors (5120K)
 Metaspace       used 34864K, committed 35264K, reserved 1114112K
  class space    used 3940K, committed 4160K, reserved 1048576K
}
Event: 35.001 GC heap after
{Heap after GC invocations=8 (full 0):
 garbage-first heap   total 75776K, used 40448K [0x0000000084c00000, 0x0000000100000000)
  region size 1024K, 5 young (5120K), 5 survivors (5120K)
 Metaspace       used 34864K, committed 35264K, reserved 1114112K
  class space    used 3940K, committed 4160K, reserved 1048576K
}
Event: 38.129 GC heap before
{Heap before GC invocations=8 (full 0):
 garbage-first heap   total 75776K, used 60928K [0x0000000084c00000, 0x0000000100000000)
  region size 1024K, 26 young (26624K), 5 survivors (5120K)
 Metaspace       used 36233K, committed 36608K, reserved 1114112K
  class space    used 4069K, committed 4224K, reserved 1048576K
}
Event: 38.143 GC heap after
{Heap after GC invocations=9 (full 0):
 garbage-first heap   total 75776K, used 43444K [0x0000000084c00000, 0x0000000100000000)
  region size 1024K, 3 young (3072K), 3 survivors (3072K)
 Metaspace       used 36233K, committed 36608K, reserved 1114112K
  class space    used 4069K, committed 4224K, reserved 1048576K
}
Event: 41.512 GC heap before
{Heap before GC invocations=10 (full 0):
 garbage-first heap   total 75776K, used 59828K [0x0000000084c00000, 0x0000000100000000)
  region size 1024K, 23 young (23552K), 3 survivors (3072K)
 Metaspace       used 37427K, committed 37888K, reserved 1114112K
  class space    used 4201K, committed 4416K, reserved 1048576K
}
Event: 41.520 GC heap after
{Heap after GC invocations=11 (full 0):
 garbage-first heap   total 75776K, used 41257K [0x0000000084c00000, 0x0000000100000000)
  region size 1024K, 1 young (1024K), 1 survivors (1024K)
 Metaspace       used 37427K, committed 37888K, reserved 1114112K
  class space    used 4201K, committed 4416K, reserved 1048576K
}
Event: 44.889 GC heap before
{Heap before GC invocations=11 (full 0):
 garbage-first heap   total 75776K, used 64809K [0x0000000084c00000, 0x0000000100000000)
  region size 1024K, 24 young (24576K), 1 survivors (1024K)
 Metaspace       used 38113K, committed 38656K, reserved 1114112K
  class space    used 4282K, committed 4544K, reserved 1048576K
}
Event: 44.897 GC heap after
{Heap after GC invocations=12 (full 0):
 garbage-first heap   total 75776K, used 41913K [0x0000000084c00000, 0x0000000100000000)
  region size 1024K, 2 young (2048K), 2 survivors (2048K)
 Metaspace       used 38113K, committed 38656K, reserved 1114112K
  class space    used 4282K, committed 4544K, reserved 1048576K
}
Event: 48.161 GC heap before
{Heap before GC invocations=12 (full 0):
 garbage-first heap   total 75776K, used 65465K [0x0000000084c00000, 0x0000000100000000)
  region size 1024K, 25 young (25600K), 2 survivors (2048K)
 Metaspace       used 38402K, committed 38912K, reserved 1114112K
  class space    used 4292K, committed 4544K, reserved 1048576K
}
Event: 48.175 GC heap after
{Heap after GC invocations=13 (full 0):
 garbage-first heap   total 75776K, used 42441K [0x0000000084c00000, 0x0000000100000000)
  region size 1024K, 3 young (3072K), 3 survivors (3072K)
 Metaspace       used 38402K, committed 38912K, reserved 1114112K
  class space    used 4292K, committed 4544K, reserved 1048576K
}
Event: 57.752 GC heap before
{Heap before GC invocations=14 (full 0):
 garbage-first heap   total 75776K, used 65993K [0x0000000084c00000, 0x0000000100000000)
  region size 1024K, 26 young (26624K), 3 survivors (3072K)
 Metaspace       used 40340K, committed 40960K, reserved 1114112K
  class space    used 4514K, committed 4800K, reserved 1048576K
}
Event: 57.766 GC heap after
{Heap after GC invocations=15 (full 0):
 garbage-first heap   total 75776K, used 43306K [0x0000000084c00000, 0x0000000100000000)
  region size 1024K, 3 young (3072K), 3 survivors (3072K)
 Metaspace       used 40340K, committed 40960K, reserved 1114112K
  class space    used 4514K, committed 4800K, reserved 1048576K
}
Event: 63.947 GC heap before
{Heap before GC invocations=15 (full 0):
 garbage-first heap   total 75776K, used 68906K [0x0000000084c00000, 0x0000000100000000)
  region size 1024K, 26 young (26624K), 3 survivors (3072K)
 Metaspace       used 40479K, committed 41024K, reserved 1114112K
  class space    used 4526K, committed 4800K, reserved 1048576K
}
Event: 64.041 GC heap after
{Heap after GC invocations=16 (full 0):
 garbage-first heap   total 81920K, used 53248K [0x0000000084c00000, 0x0000000100000000)
  region size 1024K, 4 young (4096K), 4 survivors (4096K)
 Metaspace       used 40479K, committed 41024K, reserved 1114112K
  class space    used 4526K, committed 4800K, reserved 1048576K
}
Event: 65.926 GC heap before
{Heap before GC invocations=16 (full 0):
 garbage-first heap   total 81920K, used 69632K [0x0000000084c00000, 0x0000000100000000)
  region size 1024K, 21 young (21504K), 4 survivors (4096K)
 Metaspace       used 40488K, committed 41024K, reserved 1114112K
  class space    used 4526K, committed 4800K, reserved 1048576K
}
Event: 65.953 GC heap after
{Heap after GC invocations=17 (full 0):
 garbage-first heap   total 81920K, used 59904K [0x0000000084c00000, 0x0000000100000000)
  region size 1024K, 3 young (3072K), 3 survivors (3072K)
 Metaspace       used 40488K, committed 41024K, reserved 1114112K
  class space    used 4526K, committed 4800K, reserved 1048576K
}
Event: 67.074 GC heap before
{Heap before GC invocations=18 (full 0):
 garbage-first heap   total 102400K, used 70144K [0x0000000084c00000, 0x0000000100000000)
  region size 1024K, 14 young (14336K), 3 survivors (3072K)
 Metaspace       used 40969K, committed 41600K, reserved 1114112K
  class space    used 4575K, committed 4864K, reserved 1048576K
}
Event: 67.080 GC heap after
{Heap after GC invocations=19 (full 0):
 garbage-first heap   total 102400K, used 61440K [0x0000000084c00000, 0x0000000100000000)
  region size 1024K, 1 young (1024K), 1 survivors (1024K)
 Metaspace       used 40969K, committed 41600K, reserved 1114112K
  class space    used 4575K, committed 4864K, reserved 1048576K
}
Event: 69.609 GC heap before
{Heap before GC invocations=19 (full 0):
 garbage-first heap   total 102400K, used 86016K [0x0000000084c00000, 0x0000000100000000)
  region size 1024K, 26 young (26624K), 1 survivors (1024K)
 Metaspace       used 41895K, committed 42496K, reserved 1114112K
  class space    used 4691K, committed 4992K, reserved 1048576K
}
Event: 69.631 GC heap after
{Heap after GC invocations=20 (full 0):
 garbage-first heap   total 102400K, used 56239K [0x0000000084c00000, 0x0000000100000000)
  region size 1024K, 2 young (2048K), 2 survivors (2048K)
 Metaspace       used 41895K, committed 42496K, reserved 1114112K
  class space    used 4691K, committed 4992K, reserved 1048576K
}

